<?xml version="1.0" encoding="UTF-8"?>
<coverage generated="1695823691610" clover="3.2.0">
  <project timestamp="1695823691610" name="All files">
    <metrics statements="3" coveredstatements="3" conditionals="0" coveredconditionals="0" methods="2" coveredmethods="0" elements="5" coveredelements="3" complexity="0" loc="3" ncloc="3" packages="1" files="1" classes="1"/>
    <file name="foo-bar-baz.js" path="/Users/yamaokatakumu/Desktop/program/jest-tutorial/foo-bar-baz.js">
      <metrics statements="3" coveredstatements="3" conditionals="0" coveredconditionals="0" methods="2" coveredmethods="0"/>
      <line num="1" count="1" type="stmt"/>
      <line num="2" count="1" type="stmt"/>
      <line num="3" count="1" type="stmt"/>
    </file>
  </project>
</coverage>
