{"/Users/yamaokatakumu/Desktop/program/jest-tutorial/foo.js": {"path":"/Users/yamaokatakumu/Desktop/program/jest-tutorial/foo.js","all":false,"statementMap":{"0":{"start":{"line":1,"column":0},"end":{"line":1,"column":30}},"1":{"start":{"line":2,"column":0},"end":{"line":2,"column":27}},"2":{"start":{"line":3,"column":0},"end":{"line":3,"column":2}}},"s":{"0":1,"1":0,"2":0},"branchMap":{},"b":{},"fnMap":{"0":{"name":"Object.<anonymous>.module.exports","decl":{"start":{"line":1,"column":17},"end":{"line":3,"column":2}},"loc":{"start":{"line":1,"column":17},"end":{"line":3,"column":2}},"line":1}},"f":{"0":0}}
}
