TN:
SF:peanutButter.js
FN:1,fetchData
FN:9,fetchDataError
FN:17,fetchDataCallback
FNF:3
FNH:3
FNDA:4,fetchData
FNDA:4,fetchDataError
FNDA:1,fetchDataCallback
DA:1,1
DA:2,4
DA:3,4
DA:4,4
DA:5,4
DA:6,4
DA:7,4
DA:8,1
DA:9,1
DA:10,4
DA:11,4
DA:12,4
DA:13,4
DA:14,4
DA:15,4
DA:16,1
DA:17,1
DA:18,1
DA:19,1
DA:20,1
DA:21,1
DA:22,1
DA:23,1
DA:24,1
DA:25,1
DA:26,1
DA:27,1
LF:27
LH:27
BRDA:1,0,0,4
BRDA:2,1,0,4
BRDA:3,2,0,4
BRDA:9,3,0,4
BRDA:10,4,0,4
BRDA:11,5,0,4
BRDA:17,6,0,1
BRDA:18,7,0,1
BRDA:21,8,0,1
BRDA:25,9,0,1
BRF:10
BRH:10
end_of_record
